<?xml version="1.0" encoding="UTF-8"?>
<!-- Generated by org.testng.reporters.JUnitXMLReporter -->
<testsuite ignored="3" hostname="LAPTOP-FQFBL9M0" failures="0" tests="2" name="Test" time="4.365" errors="0" timestamp="2022-07-05T14:08:10 IST">
  <testcase classname="TestNG_study.testStudy" name="mymethod1" time="0.009"/>
  <testcase classname="TestNG_study.myTest" name="mymethod" time="4.317"/>
  <testcase classname="TestNG_study.testStudy" name="mymethod3" time="0.0">
    <ignored/>
  </testcase> <!-- mymethod3 -->
  <testcase classname="TestNG_study.myTest" name="mymethod2" time="0.0">
    <ignored/>
  </testcase> <!-- mymethod2 -->
  <testcase classname="TestNG_study.testStudy" name="mymethod2" time="0.0">
    <ignored/>
  </testcase> <!-- mymethod2 -->
</testsuite> <!-- Test -->
